Performing C SOURCE FILE Test CMAKE_HAVE_LIBC_PTHREAD failed with the following output:
Change Dir: /home/myralllka/Documents/virus_evolution_simulation/CUDA_myralllka/cmake-build-debug/CMakeFiles/CMakeTmp

Run Build Command(s):/usr/bin/make cmTC_08c56/fast && /usr/bin/make -f CMakeFiles/cmTC_08c56.dir/build.make CMakeFiles/cmTC_08c56.dir/build
make[1]: Entering directory '/home/myralllka/Documents/virus_evolution_simulation/CUDA_myralllka/cmake-build-debug/CMakeFiles/CMakeTmp'
Building C object CMakeFiles/cmTC_08c56.dir/src.c.o
/usr/bin/cc   -DCMAKE_HAVE_LIBC_PTHREAD   -o CMakeFiles/cmTC_08c56.dir/src.c.o   -c /home/myralllka/Documents/virus_evolution_simulation/CUDA_myralllka/cmake-build-debug/CMakeFiles/CMakeTmp/src.c
Linking C executable cmTC_08c56
/opt/clion/bin/cmake/linux/bin/cmake -E cmake_link_script CMakeFiles/cmTC_08c56.dir/link.txt --verbose=1
/usr/bin/cc  -DCMAKE_HAVE_LIBC_PTHREAD    CMakeFiles/cmTC_08c56.dir/src.c.o  -o cmTC_08c56 
/usr/bin/ld: CMakeFiles/cmTC_08c56.dir/src.c.o: in function `main':
src.c:(.text+0x3e): undefined reference to `pthread_create'
/usr/bin/ld: src.c:(.text+0x4a): undefined reference to `pthread_detach'
/usr/bin/ld: src.c:(.text+0x5b): undefined reference to `pthread_join'
collect2: error: ld returned 1 exit status
make[1]: *** [CMakeFiles/cmTC_08c56.dir/build.make:87: cmTC_08c56] Error 1
make[1]: Leaving directory '/home/myralllka/Documents/virus_evolution_simulation/CUDA_myralllka/cmake-build-debug/CMakeFiles/CMakeTmp'
make: *** [Makefile:121: cmTC_08c56/fast] Error 2


Source file was:
#include <pthread.h>

void* test_func(void* data)
{
  return data;
}

int main(void)
{
  pthread_t thread;
  pthread_create(&thread, NULL, test_func, NULL);
  pthread_detach(thread);
  pthread_join(thread, NULL);
  pthread_atfork(NULL, NULL, NULL);
  pthread_exit(NULL);

  return 0;
}

Determining if the function pthread_create exists in the pthreads failed with the following output:
Change Dir: /home/myralllka/Documents/virus_evolution_simulation/CUDA_myralllka/cmake-build-debug/CMakeFiles/CMakeTmp

Run Build Command(s):/usr/bin/make cmTC_840bd/fast && /usr/bin/make -f CMakeFiles/cmTC_840bd.dir/build.make CMakeFiles/cmTC_840bd.dir/build
make[1]: Entering directory '/home/myralllka/Documents/virus_evolution_simulation/CUDA_myralllka/cmake-build-debug/CMakeFiles/CMakeTmp'
Building C object CMakeFiles/cmTC_840bd.dir/CheckFunctionExists.c.o
/usr/bin/cc   -DCHECK_FUNCTION_EXISTS=pthread_create   -o CMakeFiles/cmTC_840bd.dir/CheckFunctionExists.c.o   -c /opt/clion/bin/cmake/linux/share/cmake-3.15/Modules/CheckFunctionExists.c
Linking C executable cmTC_840bd
/opt/clion/bin/cmake/linux/bin/cmake -E cmake_link_script CMakeFiles/cmTC_840bd.dir/link.txt --verbose=1
/usr/bin/cc  -DCHECK_FUNCTION_EXISTS=pthread_create    CMakeFiles/cmTC_840bd.dir/CheckFunctionExists.c.o  -o cmTC_840bd -lpthreads 
/usr/bin/ld: cannot find -lpthreads
collect2: error: ld returned 1 exit status
make[1]: *** [CMakeFiles/cmTC_840bd.dir/build.make:87: cmTC_840bd] Error 1
make[1]: Leaving directory '/home/myralllka/Documents/virus_evolution_simulation/CUDA_myralllka/cmake-build-debug/CMakeFiles/CMakeTmp'
make: *** [Makefile:121: cmTC_840bd/fast] Error 2



